<?xml version="1.0" encoding="UTF-8"?>
<testsuite xmlns:xsi="http://www.w3.org/2001/XMLSchema-instance" xsi:noNamespaceSchemaLocation="https://maven.apache.org/surefire/maven-failsafe-plugin/xsd/failsafe-test-report.xsd" name="nz.ac.auckland.parolee.services.ParoleeWebServiceIT" time="1.259" tests="10" errors="0" skipped="0" failures="0">
  <properties>
    <property name="java.runtime.name" value="Java(TM) SE Runtime Environment"/>
    <property name="sun.boot.library.path" value="D:\Program Files\Java\jdk1.8.0_74\jre\bin"/>
    <property name="java.vm.version" value="25.74-b02"/>
    <property name="java.vm.vendor" value="Oracle Corporation"/>
    <property name="maven.multiModuleProjectDirectory" value="D:\softeng325\325Lab3\softeng325-lab3-parolee"/>
    <property name="java.vendor.url" value="http://java.oracle.com/"/>
    <property name="path.separator" value=";"/>
    <property name="guice.disable.misplaced.annotation.check" value="true"/>
    <property name="java.vm.name" value="Java HotSpot(TM) 64-Bit Server VM"/>
    <property name="file.encoding.pkg" value="sun.io"/>
    <property name="user.script" value=""/>
    <property name="user.country" value="US"/>
    <property name="sun.java.launcher" value="SUN_STANDARD"/>
    <property name="sun.os.patch.level" value=""/>
    <property name="java.vm.specification.name" value="Java Virtual Machine Specification"/>
    <property name="user.dir" value="D:\softeng325\325Lab3\softeng325-lab3-parolee"/>
    <property name="java.runtime.version" value="1.8.0_74-b02"/>
    <property name="java.awt.graphicsenv" value="sun.awt.Win32GraphicsEnvironment"/>
    <property name="java.endorsed.dirs" value="D:\Program Files\Java\jdk1.8.0_74\jre\lib\endorsed"/>
    <property name="os.arch" value="amd64"/>
    <property name="java.io.tmpdir" value="C:\Users\SHITAO~1\AppData\Local\Temp\"/>
    <property name="line.separator" value="&#10;"/>
    <property name="java.vm.specification.vendor" value="Oracle Corporation"/>
    <property name="user.variant" value=""/>
    <property name="os.name" value="Windows 10"/>
    <property name="classworlds.conf" value="D:\softeng325\.metadata\.plugins\org.eclipse.m2e.launching\launches\m2conf8668713753724219026.tmp"/>
    <property name="sun.jnu.encoding" value="GBK"/>
    <property name="java.library.path" value="D:\Program Files\Java\jdk1.8.0_74\bin;C:\WINDOWS\Sun\Java\bin;C:\WINDOWS\system32;C:\WINDOWS;D:/Program Files/Java/jdk1.8.0_74/bin/../jre/bin/server;D:/Program Files/Java/jdk1.8.0_74/bin/../jre/bin;D:/Program Files/Java/jdk1.8.0_74/bin/../jre/lib/amd64;D:\Program Files (x86)\Python35-32\Scripts\;D:\Program Files (x86)\Python35-32\;C:\WINDOWS\system32;C:\WINDOWS;C:\WINDOWS\System32\Wbem;C:\WINDOWS\System32\WindowsPowerShell\v1.0\;C:\Program Files (x86)\NVIDIA Corporation\PhysX\Common;D:\Program Files\Java\jdk1.8.0_74\bin;D:\Program Files\Java\jdk1.8.0_74\jre\bin;D:\Program Files\MATLAB\R2015b\runtime\win64;D:\Program Files\MATLAB\R2015b\bin;D:\Program Files\MATLAB\R2015b\polyspace\bin;C:\Program Files\Microsoft SQL Server\120\Tools\Binn\;C:\Program Files\Microsoft SQL Server\130\Tools\Binn\;C:\Program Files (x86)\Windows Kits\10\Windows Performance Toolkit\;C:\WINDOWS\system32;C:\WINDOWS;C:\WINDOWS\System32\Wbem;C:\WINDOWS\System32\WindowsPowerShell\v1.0\;C:\WINDOWS\system32\config\systemprofile\.dnx\bin;C:\Program Files\Microsoft DNX\Dnvm\;C:\Program Files\MySQL\MySQL Utilities 1.6\;D:\Program Files\Git\cmd;C:\Program Files (x86)\GtkSharp\2.12\bin;D:\altera\13.0\modelsim_ase\win32aloem;D:\altera\13.0\modelsim_ae\win32aloem;C:\Users\Shi Tao\AppData\Local\Microsoft\WindowsApps;C:\Users\Shi Tao\AppData\Local\GitHubDesktop\bin;C:\WINDOWS\System32;;."/>
    <property name="java.specification.name" value="Java Platform API Specification"/>
    <property name="java.class.version" value="52.0"/>
    <property name="sun.management.compiler" value="HotSpot 64-Bit Tiered Compilers"/>
    <property name="os.version" value="10.0"/>
    <property name="user.home" value="C:\Users\Shi Tao"/>
    <property name="user.timezone" value="Pacific/Auckland"/>
    <property name="java.awt.printerjob" value="sun.awt.windows.WPrinterJob"/>
    <property name="java.specification.version" value="1.8"/>
    <property name="file.encoding" value="GBK"/>
    <property name="user.name" value="Shi Tao"/>
    <property name="java.class.path" value="/C:/Users/User/.p2/pool/plugins/org.eclipse.m2e.maven.runtime_1.7.0.20160603-1931/jars/plexus-classworlds-2.5.2.jar"/>
    <property name="java.vm.specification.version" value="1.8"/>
    <property name="sun.arch.data.model" value="64"/>
    <property name="java.home" value="D:\Program Files\Java\jdk1.8.0_74\jre"/>
    <property name="sun.java.command" value="org.codehaus.plexus.classworlds.launcher.Launcher -B verify"/>
    <property name="java.specification.vendor" value="Oracle Corporation"/>
    <property name="user.language" value="en"/>
    <property name="awt.toolkit" value="sun.awt.windows.WToolkit"/>
    <property name="java.vm.info" value="mixed mode"/>
    <property name="java.version" value="1.8.0_74"/>
    <property name="java.ext.dirs" value="D:\Program Files\Java\jdk1.8.0_74\jre\lib\ext;C:\WINDOWS\Sun\Java\lib\ext"/>
    <property name="sun.boot.class.path" value="D:\Program Files\Java\jdk1.8.0_74\jre\lib\resources.jar;D:\Program Files\Java\jdk1.8.0_74\jre\lib\rt.jar;D:\Program Files\Java\jdk1.8.0_74\jre\lib\sunrsasign.jar;D:\Program Files\Java\jdk1.8.0_74\jre\lib\jsse.jar;D:\Program Files\Java\jdk1.8.0_74\jre\lib\jce.jar;D:\Program Files\Java\jdk1.8.0_74\jre\lib\charsets.jar;D:\Program Files\Java\jdk1.8.0_74\jre\lib\jfr.jar;D:\Program Files\Java\jdk1.8.0_74\jre\classes"/>
    <property name="java.vendor" value="Oracle Corporation"/>
    <property name="maven.home" value="D:\softeng325\325Lab3\softeng325-lab3-parolee\EMBEDDED"/>
    <property name="file.separator" value="\"/>
    <property name="java.vendor.url.bug" value="http://bugreport.sun.com/bugreport/"/>
    <property name="sun.cpu.endian" value="little"/>
    <property name="sun.io.unicode.encoding" value="UnicodeLittle"/>
    <property name="sun.desktop" value="windows"/>
    <property name="sun.cpu.isalist" value="amd64"/>
  </properties>
  <testcase name="queryParoleeMovements" classname="nz.ac.auckland.parolee.services.ParoleeWebServiceIT" time="0.475"/>
  <testcase name="addParoleeMovement" classname="nz.ac.auckland.parolee.services.ParoleeWebServiceIT" time="0.082"/>
  <testcase name="updateCriminalProfile" classname="nz.ac.auckland.parolee.services.ParoleeWebServiceIT" time="0.043"/>
  <testcase name="queryParolee" classname="nz.ac.auckland.parolee.services.ParoleeWebServiceIT" time="0.016"/>
  <testcase name="addParolee" classname="nz.ac.auckland.parolee.services.ParoleeWebServiceIT" time="0.02"/>
  <testcase name="queryAllParoleesUsingHATEOAS" classname="nz.ac.auckland.parolee.services.ParoleeWebServiceIT" time="0.039"/>
  <testcase name="queryAllParolees" classname="nz.ac.auckland.parolee.services.ParoleeWebServiceIT" time="0.022"/>
  <testcase name="queryParoleeWithResponse" classname="nz.ac.auckland.parolee.services.ParoleeWebServiceIT" time="0.017"/>
  <testcase name="updateParolee" classname="nz.ac.auckland.parolee.services.ParoleeWebServiceIT" time="0.023"/>
  <testcase name="updateDissassociates" classname="nz.ac.auckland.parolee.services.ParoleeWebServiceIT" time="0.047"/>
</testsuite>